  PCAfaceRecognitionView.cpp
C:\Users\glanceyes\Projects\Proj2-PCAfaceRecognition\PCAfaceRecognition\PCAfaceRecognitionView.cpp(258,16): warning C4018: '<': signed 또는 unsigned가 일치하지 않습니다.
C:\Users\glanceyes\Projects\Proj2-PCAfaceRecognition\PCAfaceRecognition\PCAfaceRecognitionView.cpp(347,11): warning C4244: '=': 'int'에서 'float'(으)로 변환하면서 데이터가 손실될 수 있습니다.
C:\Users\glanceyes\Projects\Proj2-PCAfaceRecognition\PCAfaceRecognition\PCAfaceRecognitionView.cpp(347,26): warning C4244: '=': 'int'에서 'float'(으)로 변환하면서 데이터가 손실될 수 있습니다.
C:\Users\glanceyes\Projects\Proj2-PCAfaceRecognition\PCAfaceRecognition\PCAfaceRecognitionView.cpp(345,10): warning C4996: 'fopen': This function or variable may be unsafe. Consider using fopen_s instead. To disable deprecation, use _CRT_SECURE_NO_WARNINGS. See online help for details.
C:\Users\glanceyes\Projects\Proj2-PCAfaceRecognition\PCAfaceRecognition\PCAfaceRecognitionView.cpp(351,10): warning C4996: 'fopen': This function or variable may be unsafe. Consider using fopen_s instead. To disable deprecation, use _CRT_SECURE_NO_WARNINGS. See online help for details.
C:\Users\glanceyes\Projects\Proj2-PCAfaceRecognition\PCAfaceRecognition\PCAfaceRecognitionView.cpp(359,10): warning C4996: 'fopen': This function or variable may be unsafe. Consider using fopen_s instead. To disable deprecation, use _CRT_SECURE_NO_WARNINGS. See online help for details.
C:\Users\glanceyes\Projects\Proj2-PCAfaceRecognition\PCAfaceRecognition\PCAfaceRecognitionView.cpp(366,10): warning C4996: 'fopen': This function or variable may be unsafe. Consider using fopen_s instead. To disable deprecation, use _CRT_SECURE_NO_WARNINGS. See online help for details.
C:\Users\glanceyes\Projects\Proj2-PCAfaceRecognition\PCAfaceRecognition\PCAfaceRecognitionView.cpp(375,10): warning C4996: 'fopen': This function or variable may be unsafe. Consider using fopen_s instead. To disable deprecation, use _CRT_SECURE_NO_WARNINGS. See online help for details.
C:\Users\glanceyes\Projects\Proj2-PCAfaceRecognition\PCAfaceRecognition\PCAfaceRecognitionView.cpp(475,16): warning C4018: '<': signed 또는 unsigned가 일치하지 않습니다.
C:\Users\glanceyes\Projects\Proj2-PCAfaceRecognition\PCAfaceRecognition\PCAfaceRecognitionView.cpp(516,15): warning C4244: '+=': 'double'에서 'float'(으)로 변환하면서 데이터가 손실될 수 있습니다.
C:\Users\glanceyes\Projects\Proj2-PCAfaceRecognition\PCAfaceRecognition\PCAfaceRecognitionView.cpp(406,10): warning C4996: 'fopen': This function or variable may be unsafe. Consider using fopen_s instead. To disable deprecation, use _CRT_SECURE_NO_WARNINGS. See online help for details.
C:\Users\glanceyes\Projects\Proj2-PCAfaceRecognition\PCAfaceRecognition\PCAfaceRecognitionView.cpp(420,10): warning C4996: 'fopen': This function or variable may be unsafe. Consider using fopen_s instead. To disable deprecation, use _CRT_SECURE_NO_WARNINGS. See online help for details.
C:\Users\glanceyes\Projects\Proj2-PCAfaceRecognition\PCAfaceRecognition\PCAfaceRecognitionView.cpp(428,10): warning C4996: 'fopen': This function or variable may be unsafe. Consider using fopen_s instead. To disable deprecation, use _CRT_SECURE_NO_WARNINGS. See online help for details.
C:\Users\glanceyes\Projects\Proj2-PCAfaceRecognition\PCAfaceRecognition\PCAfaceRecognitionView.cpp(435,10): warning C4996: 'fopen': This function or variable may be unsafe. Consider using fopen_s instead. To disable deprecation, use _CRT_SECURE_NO_WARNINGS. See online help for details.
C:\Users\glanceyes\Projects\Proj2-PCAfaceRecognition\PCAfaceRecognition\PCAfaceRecognitionView.cpp(441,10): warning C4996: 'fopen': This function or variable may be unsafe. Consider using fopen_s instead. To disable deprecation, use _CRT_SECURE_NO_WARNINGS. See online help for details.
C:\Users\glanceyes\Projects\Proj2-PCAfaceRecognition\PCAfaceRecognition\PCAfaceRecognitionView.cpp(707,15): warning C4244: '+=': 'double'에서 'float'(으)로 변환하면서 데이터가 손실될 수 있습니다.
C:\Users\glanceyes\Projects\Proj2-PCAfaceRecognition\PCAfaceRecognition\PCAfaceRecognitionView.cpp(613,10): warning C4996: 'fopen': This function or variable may be unsafe. Consider using fopen_s instead. To disable deprecation, use _CRT_SECURE_NO_WARNINGS. See online help for details.
C:\Users\glanceyes\Projects\Proj2-PCAfaceRecognition\PCAfaceRecognition\PCAfaceRecognitionView.cpp(627,10): warning C4996: 'fopen': This function or variable may be unsafe. Consider using fopen_s instead. To disable deprecation, use _CRT_SECURE_NO_WARNINGS. See online help for details.
C:\Users\glanceyes\Projects\Proj2-PCAfaceRecognition\PCAfaceRecognition\PCAfaceRecognitionView.cpp(635,10): warning C4996: 'fopen': This function or variable may be unsafe. Consider using fopen_s instead. To disable deprecation, use _CRT_SECURE_NO_WARNINGS. See online help for details.
C:\Users\glanceyes\Projects\Proj2-PCAfaceRecognition\PCAfaceRecognition\PCAfaceRecognitionView.cpp(642,10): warning C4996: 'fopen': This function or variable may be unsafe. Consider using fopen_s instead. To disable deprecation, use _CRT_SECURE_NO_WARNINGS. See online help for details.
C:\Users\glanceyes\Projects\Proj2-PCAfaceRecognition\PCAfaceRecognition\PCAfaceRecognitionView.cpp(648,10): warning C4996: 'fopen': This function or variable may be unsafe. Consider using fopen_s instead. To disable deprecation, use _CRT_SECURE_NO_WARNINGS. See online help for details.
C:\Users\glanceyes\Projects\Proj2-PCAfaceRecognition\PCAfaceRecognition\PCAfaceRecognitionView.cpp(568,9): warning C4101: 'found' :참조되지 않은 지역 변수입니다.
C:\Users\glanceyes\Projects\Proj2-PCAfaceRecognition\PCAfaceRecognition\PCAfaceRecognitionView.cpp(751,2): warning C4996: 'sprintf': This function or variable may be unsafe. Consider using sprintf_s instead. To disable deprecation, use _CRT_SECURE_NO_WARNINGS. See online help for details.
C:\Users\glanceyes\Projects\Proj2-PCAfaceRecognition\PCAfaceRecognition\PCAfaceRecognitionView.cpp(749,29): warning C4101: 'new_file_path' :참조되지 않은 지역 변수입니다.
  PCAfaceRecognition.vcxproj -> C:\Users\glanceyes\Projects\Proj2-PCAfaceRecognition\PCAfaceRecognition\Debug\PCAfaceRecognition.exe
